<?xml version="1.0" encoding="UTF-8"?>
<testsuite name="com.cronosconnection.runners.CrearEquipoEnOTRunners" tests="0" skipped="0" failures="0" errors="0" timestamp="1970-01-01T00:00:00" hostname="SQAMED-86529" time="0.0">
  <properties/>
  <system-out><![CDATA[
1 Scenarios (?[33m1 undefined?[0m)
9 Steps (?[33m7 undefined?[0m, ?[32m2 passed?[0m)
0m33,600s


You can implement missing steps with the snippets below:


@When("^el usuario ingrese a la pantalla de ordenes de trabajo y seleccione una orden$")
public void elUsuarioIngreseALaPantallaDeOrdenesDeTrabajoYSeleccioneUnaOrden() {
    // Write code here that turns the phrase above into concrete actions
    throw new PendingException();
}

@When("^el usuario ingrese a la pestaña de avances y luego a solar winds$")
public void elUsuarioIngreseALaPestañaDeAvancesYLuegoASolarWinds() {
    // Write code here that turns the phrase above into concrete actions
    throw new PendingException();
}

@When("^el usuario de click en crear equipo$")
public void elUsuarioDeClickEnCrearEquipo() {
    // Write code here that turns the phrase above into concrete actions
    throw new PendingException();
}

@When("^el usuario llene los campos obligatorios del formulario con autoticket$")
public void elUsuarioLleneLosCamposObligatoriosDelFormularioConAutoticket() {
    // Write code here that turns the phrase above into concrete actions
    throw new PendingException();
}

@When("^el usuario de click en autoticket y llena los demas campos$")
public void elUsuarioDeClickEnAutoticketYLlenaLosDemasCampos() {
    // Write code here that turns the phrase above into concrete actions
    throw new PendingException();
}

@When("^el usuario de click en crear$")
public void elUsuarioDeClickEnCrear() {
    // Write code here that turns the phrase above into concrete actions
    throw new PendingException();
}

@Then("^el usuario visualizara el mensaje de equipo creado correctamente$")
public void elUsuarioVisualizaraElMensajeDeEquipoCreadoCorrectamente() {
    // Write code here that turns the phrase above into concrete actions
    throw new PendingException();
}

]]></system-out>
  <system-err><![CDATA[SLF4J: Class path contains multiple SLF4J bindings.
SLF4J: Found binding in [jar:file:/C:/FwICBS-MAIN/caches/modules-2/files-2.1/org.slf4j/slf4j-simple/1.7.7/8095d0b9f7e0a9cd79a663c740e0f8fb31d0e2c8/slf4j-simple-1.7.7.jar!/org/slf4j/impl/StaticLoggerBinder.class]
SLF4J: Found binding in [jar:file:/C:/FwICBS-MAIN/caches/modules-2/files-2.1/org.slf4j/slf4j-nop/1.7.28/e427e2f69d0a8508994e0a754a44d5212fa38b56/slf4j-nop-1.7.28.jar!/org/slf4j/impl/StaticLoggerBinder.class]
SLF4J: See http://www.slf4j.org/codes.html#multiple_bindings for an explanation.
SLF4J: Actual binding is of type [org.slf4j.impl.SimpleLoggerFactory]
[Test worker] INFO net.thucydides.core.steps.ConsoleLoggingListener - 

-------------------------------------------------------------------------------------
     _______. _______ .______       _______ .__   __.  __  .___________.____    ____ 
    /       ||   ____||   _  \     |   ____||  \ |  | |  | |           |\   \  /   / 
   |   (----`|  |__   |  |_)  |    |  |__   |   \|  | |  | `---|  |----` \   \/   /  
    \   \    |   __|  |      /     |   __|  |  . `  | |  |     |  |       \_    _/   
.----)   |   |  |____ |  |\  \----.|  |____ |  |\   | |  |     |  |         |  |     
|_______/    |_______|| _| `._____||_______||__| \__| |__|     |__|         |__|    
                                                                                     
 News and tutorials at http://www.serenity-bdd.info                                  
 Documentation at https://wakaleo.gitbooks.io/the-serenity-book/content/             
 Join the Serenity Community on Rocket Chat at https://serenity-bdd.rocket.chat      
 Serenity BDD Support and Training at http://serenity-bdd.info/#/trainingandsupport  
 Learn Serenity BDD online at http://serenity-dojo.com                               
-------------------------------------------------------------------------------------

[Test worker] INFO net.thucydides.core.steps.ConsoleLoggingListener - Test Suite Started: Crear equipo
[Test worker] INFO net.thucydides.core.steps.ConsoleLoggingListener - 
 _____ _____ ____ _____   ____ _____  _    ____ _____ _____ ____  
|_   _| ____/ ___|_   _| / ___|_   _|/ \  |  _ \_   _| ____|  _ \ 
  | | |  _| \___ \ | |   \___ \ | | / _ \ | |_) || | |  _| | | | |
  | | | |___ ___) || |    ___) || |/ ___ \|  _ < | | | |___| |_| |
  |_| |_____|____/ |_|   |____/ |_/_/   \_\_| \_\|_| |_____|____/ 
                                                                  

TEST STARTED: crear equipo exitoso
-------------------------------------------------------------------(crear-equipo;crear-equipo-exitoso)
]]></system-err>
</testsuite>
